****
COBMODE         =  64
VERSION         =  1.46
DATE            =  2023-07-04 16:23:42
USER            =  oracle
SRCDIR          =  /home/oracle/Westpac/prod/cobol
ORACLE_BASE     =  /opt/oracle
ORACLE_SID      =  orcl1
ORACLE_HOME     =  /opt/oracle/product/19c/dbhome_1
LD_LIBRARY_PATH =  /opt/oracle/product/19c/dbhome_1/lib:/opt/microfocus/VisualCOBOL/lib:/opt/oracle/product/19c/dbhome_1/lib:/opt/microfocus/VisualCOBOL/lib:/opt/oracle/product/19c/dbhome_1/lib::/usr/lib64:/usr/lib64:/usr/lib64:/usr/lib
PATH            =  .:/opt/oracle/product/19c/dbhome_1/bin:/opt/microfocus/VisualCOBOL/bin:/opt/oracle/product/19c/dbhome_1/bin:/opt/microfocus/VisualCOBOL/bin:/opt/oracle/product/19c/dbhome_1/bin:/home/oracle/.local/bin:/home/oracle/bin:/usr/local/bin:/usr/local/sbin:/usr/bin:/usr/sbin:/home/oracle/Westpac/prod/script:/home/oracle/Westpac/prod/script:/opt/microfocus/VisualCOBOL/bin
COBCPY          =  /home/oracle/Westpac/prod/copybook:/opt/microfocus/VisualCOBOL/cpylib:/opt/microfocus/EnterpriseDeveloper/cpylib
COBIDY          =  /home/oracle/Westpac/prod/bin
LOCDIR          =  /home/oracle/Westpac/prod/dir
LOCBIN          =  /home/oracle/Westpac/prod/bin
LOCLIST         =  /home/oracle/Westpac/prod/Listing
LOCSRCE         =  /home/oracle/Westpac/prod/cobol
LOCSCS9         =  /home/oracle/Westpac/prod/cs9
LOCSRPT         =  /home/oracle/Westpac/prod/cobol
 
****
 
deleting /home/oracle/Westpac/prod/Listing/logonw.lst
deleting /home/oracle/Westpac/prod/bin/logonw.so
deleting /home/oracle/Westpac/prod/bin/logonw.o
deleting /home/oracle/Westpac/prod/bin/logonw.idy
deleting /home/oracle/Westpac/prod/cs9/logonw.cs9
deleting /home/oracle/Westpac/prod/Listing/logonw.lis
deleting /home/oracle/Westpac/prod/bin/logonw.sdb
deleting /home/oracle/Westpac/prod/Listing/logonw.trc
 
****
 
Dir file /home/oracle/Westpac/prod/dir/logonw.cob.dir
DIALECT"MF"
COPYEXT"cpy,cbl"
SOURCETABSTOP"8"
COLLECTION"GL1"
MAX-ERROR"100"
TESTCOVER
CHARSET"ASCII"
EXITPROGRAM"ANSI"
PROFILE
SOURCEFORMAT"fixed"
WARNING"1"
LIST()
showdir
SQL(DB=Myorcl,DBMAN=ODBC,PASS=mfuser.Welcome01,TARGETDB=ORACLE)
ANIM
ERRFORMAT(2)
STDERR 
****
 
cob64 -V -z -g /home/oracle/Westpac/prod/cobol/logonw.cob -C use=/home/oracle/Westpac/prod/dir/logonw.cob.dir -C INT=/home/oracle/Westpac/prod/bin/ -C LIST=/home/oracle/Westpac/prod/Listing/logonw.lst
version @(#)cob.c	8.0.0.85
PRN=KXCRH/AAD:Ao.U4.13.04
PTI=32/64 bit
PTI=Micro Focus Visual COBOL Development Hub 8.0 - Patch Update 06
PTI=Patch Update 06
PTI=pkg_321063
PTI=MFInstaller
* Micro Focus COBOL                  V8.0 revision 000           Compiler
* (C) Copyright 1984-2023 Micro Focus or one of its affiliates.
* Accepted - verbose
* Accepted - use(/home/oracle/Westpac/prod/dir/logonw.cob.dir)
* Accepted - DIALECT"MF"
* Accepted - COPYEXT"cpy,cbl"
* Accepted - SOURCETABSTOP"8"
* Accepted - COLLECTION"GL1"
* Accepted - MAX-ERROR"100"
* Accepted - TESTCOVER
* Accepted - CHARSET"ASCII"
* Accepted - EXITPROGRAM"ANSI"
* Accepted - PROFILE
* Accepted - SOURCEFORMAT"fixed"
* Accepted - WARNING"1"
* Accepted - LIST()
* Accepted - showdir
* Accepted - SQL(DB)
* Accepted - SQL(DBMAN)
* Accepted - SQL(PASS)
* Accepted - SQL(TARGETDB)
* Accepted - ANIM
* Accepted - ERRFORMAT(2)
* Accepted - STDERR
* Accepted - INT(/home/oracle/Westpac/prod/bin/)
* Accepted - LIST(/home/oracle/Westpac/prod/Listing/logonw.lst)
* Compiling /home/oracle/Westpac/prod/cobol/logonw.cob
* Total Messages:     0
* Data:      136624     Code:        1095
* Micro Focus COBOL Code Generator
* (C) Copyright 1984-2023 Micro Focus or one of its affiliates.
* Accepted - verbose
* Accepted - anim
* Accepted - pic
* Generating /home/oracle/Westpac/prod/bin/logonw
* Data:      136368     Code:        1970     Literals:         464
 
****
 
copy  /home/oracle/Westpac/prod/cobol/logonw.so  /home/oracle/Westpac/prod/bin/logonw.so
copy  /home/oracle/Westpac/prod/cobol/logonw.o  /home/oracle/Westpac/prod/bin/logonw.o
deleting /home/oracle/Westpac/prod/bin/logonw.int
 
****
 
