****
COBMODE         =  64
VERSION         =  1.46
DATE            =  2023-06-28 15:23:58
USER            =  oracle
SRCDIR          =  /home/oracle/Westpac/prod/cobol
ORACLE_BASE     =  /opt/oracle
ORACLE_SID      =  orcl1
ORACLE_HOME     =  /opt/oracle/product/19c/dbhome_1
LD_LIBRARY_PATH =  /opt/oracle/product/19c/dbhome_1/lib:/opt/oracle/product/19c/dbhome_1/lib:/opt/microfocus/VisualCOBOL/lib:/opt/microfocus/VisualCOBOL/lib:/opt/oracle/product/19c/dbhome_1/lib:/opt/microfocus/VisualCOBOL/lib:/opt/oracle/product/19c/dbhome_1/lib::/usr/lib64:/usr/lib64:/usr/lib64:/usr/lib:/usr/lib64:/usr/lib
PATH            =  .:/opt/microfocus/VisualCOBOL/bin:/opt/microfocus/VisualCOBOL/bin:/opt/oracle/product/19c/dbhome_1/bin:/opt/microfocus/VisualCOBOL/bin:/opt/oracle/product/19c/dbhome_1/bin:/home/oracle/.local/bin:/home/oracle/bin:/usr/local/bin:/usr/local/sbin:/usr/bin:/usr/sbin:/home/oracle/Westpac/prod/script:/home/oracle/Westpac/prod/script:/home/oracle/Westpac/prod/script:/opt/microfocus/VisualCOBOL/bin
COBCPY          =  /home/oracle/Westpac/prod/copybook:/opt/microfocus/VisualCOBOL/cpylib:/opt/microfocus/EnterpriseDeveloper/cpylib
COBIDY          =  /home/oracle/Westpac/prod/bin
LOCDIR          =  /home/oracle/Westpac/prod/dir
LOCBIN          =  /home/oracle/Westpac/prod/bin
LOCLIST         =  /home/oracle/Westpac/prod/Listing
LOCSRCE         =  /home/oracle/Westpac/prod/cobol
LOCSCS9         =  /home/oracle/Westpac/prod/cs9
LOCSRPT         =  /home/oracle/Westpac/prod/cobol
 
****
 
deleting /home/oracle/Westpac/prod/Listing/MFABEND.lst
deleting /home/oracle/Westpac/prod/cs9/MFABEND.cs9
deleting /home/oracle/Westpac/prod/Listing/MFABEND.lis
deleting /home/oracle/Westpac/prod/Listing/MFABEND.trc
 
****
 
Dir file /home/oracle/Westpac/prod/dir/MFABEND.cob.dir
DIALECT"MF"
COPYEXT"cpy,cbl"
SOURCETABSTOP"8"
COLLECTION"GL1"
MAX-ERROR"100"
NOTESTCOVER
CHARSET"ASCII"
EXITPROGRAM"ANSI"
NOPROFILE
SOURCEFORMAT"fixed"
WARNING"1"
LIST()
P(cobsql) DISPLAY COBSQLTYPE=ORACLE8 SQLDEBUG NOMAKESYN VERBOSE KEEPCBL endp
ANIM
ERRFORMAT(2)
STDERR 
****
 
cob64 -V -z -g /home/oracle/Westpac/prod/cobol/MFABEND.cob -C use=/home/oracle/Westpac/prod/dir/MFABEND.cob.dir -C INT=/home/oracle/Westpac/prod/bin/ -C LIST=/home/oracle/Westpac/prod/Listing/MFABEND.lst
version @(#)cob.c	8.0.0.85
PRN=KXCRH/AAD:Ao.U4.13.04
PTI=32/64 bit
PTI=Micro Focus Visual COBOL Development Hub 8.0 - Patch Update 06
PTI=Patch Update 06
PTI=pkg_321063
PTI=MFInstaller
* Micro Focus COBOL                  V8.0 revision 000           Compiler
* (C) Copyright 1984-2023 Micro Focus or one of its affiliates.
* Accepted - verbose
* Accepted - use(/home/oracle/Westpac/prod/dir/MFABEND.cob.dir)
* Accepted - DIALECT"MF"
* Accepted - COPYEXT"cpy,cbl"
* Accepted - SOURCETABSTOP"8"
* Accepted - COLLECTION"GL1"
* Accepted - MAX-ERROR"100"
* Accepted - NOTESTCOVER
* Accepted - CHARSET"ASCII"
* Accepted - EXITPROGRAM"ANSI"
* Accepted - NOPROFILE
* Accepted - SOURCEFORMAT"fixed"
* Accepted - WARNING"1"
* Accepted - LIST()
* Accepted - P(cobsql) DISPLAY COBSQLTYPE=ORACLE8 SQLDEBUG NOMAKESYN VERBOSE KEEPCBL
* Accepted - ANIM
* Accepted - ERRFORMAT(2)
* Accepted - STDERR
* Accepted - INT(/home/oracle/Westpac/prod/bin/)
* Accepted - LIST(/home/oracle/Westpac/prod/Listing/MFABEND.lst)

* Cobsql Integrated Preprocessor
* CSQL-I-004: Accepted DISPLAY
* CSQL-I-004: Accepted COBSQLTYPE=ORACLE8
* CSQL-I-004: Accepted SQLDEBUG
* CSQL-I-004: Accepted NOMAKESYN
* CSQL-I-004: Accepted VERBOSE
* CSQL-I-004: Accepted KEEPCBL
* CSQL-I-017: Creating "/home/oracle/Westpac/prod/cobol/MFABEND.cs9"
* CSQL-I-018: Invoking Oracle Precompiler/Translator
procob iname="/home/oracle/Westpac/prod/cobol/MFABEND.cob" oname="/hom
e/oracle/Westpac/prod/cobol/MFABEND.cs9" lname="/home/oracle/Westpac/p
od/cobol/MFABEND.lis" >> "/home/oracle/Westpac/prod/cobol/MFABEND.sdb"
* SQL Identifiers
* ---------------
* BIT64                 DEFINE                        Command Line
* COMP5                 DEFINE                        Command Line
* UNIX                  DEFINE                        Pre-defined
* Version 19.3.0.0.0
* Copyright (c) 1982, 2019, Oracle and/or its affiliates.  All rights reser
*                               Precompiler Options
* ------------------------------------------------------------------------------
* Option Name    Current Value        Where set
* ------------------------------------------------------------------------------
* asacc             no                default
* assume_sqlcode    no                default
* auto_connect      no                default
* charset_picn      nchar_charset     default
* charset_picx      db_charset        default
* close_on_commit   no                default
* common_parser     no                default
* comp5             yes               /opt/oracle/product/19c/dbhome_1/precomp/a
* config            default config    default
* cwh_sql99         yes               default
* date_format       local             default
* db2_array         no                default
* dbms              native            default
* declare_section   no                default
* define            COMP5             /opt/oracle/product/19c/dbhome_1/precomp/a
*                   BIT64             /opt/oracle/product/19c/dbhome_1/precomp/a
*                   *none*            /opt/oracle/product/19c/dbhome_1/precomp/a
* dynamic           oracle            default
* end_of_fetch      1403              default
* errors            yes               default
* file_id           0                 default
* fips              no                default
* format            ansi              default
* hold_cursor       no                default
* host              cobol             default
* implicit_svpt     no                default
* iname             /home/oracle/Westpcommand linel/MFABEND.cob
* include           *none*            default
* ireclen           80                default
* litdelim          quote             default
* lname             /home/oracle/Westpcommand linel/MFABEND.lis
* lreclen           132               default
* ltype             long              default
* maxliteral        256               default
* maxopencursors    10                default
* max_row_insert    0                 default
* memforprefetch    0                 default
* mode              oracle            default
* nested            yes               default
* nls_local         no                default
* oname             /home/oracle/Westpcommand linel/MFABEND.cs9
* oraca             no                default
* oreclen           80                default
* outline           no                default
* outlnprefix       *none*            default
* pagelen           66                default
* picn_endian       big               default
* picx              charf             default
* plan_baseline     no                default
* plan_enabled      yes               default
* plan_fixed        yes               default
* plan_prefix       none              default
* plan_run          no                default
* prefetch          1                 default
* release_cursor    no                default
* runoutline        no                default
* select_error      yes               default
* sqlcheck          syntax            default
* stmt_cache        0                 default
* threads           no                default
* trim_password     no                default
* type_code         oracle            default
* unsafe_null       no                default
* userid            *none*            default
* varchar           no                default
* xref              yes               default
* Version 19.3.0.0.0
* Copyright (c) 1982, 2019, Oracle and/or its affiliates.  All rights reser
* Statistics
* ----------
* Return code: 0
* Number of messages at severity I: 0
* Number of messages at severity W: 0
* Number of messages at severity E: 0
* Number of messages at severity F: 0
* Number of input lines: 61
* Number of host variables declared: 12
* Number of cursor names: 0
* Number of statement names: 0
* Maximum memory (bytes) used: 998265
* CSQL-I-020: Processing output of Oracle Precompiler
* Compiling /home/oracle/Westpac/prod/cobol/MFABEND.cob
* CSQL-I-027: Detected Working-Storage, now processing it
* CSQL-I-028: Now processing through Procedure Division
* CSQL-I-001: Cobsql has finished returning to the Checker
* Total Messages:     0
* Data:        1872     Code:         646
* Micro Focus COBOL Code Generator
* (C) Copyright 1984-2023 Micro Focus or one of its affiliates.
* Accepted - verbose
* Accepted - anim
* Accepted - pic
* Generating /home/oracle/Westpac/prod/bin/MFABEND
* Data:        1600     Code:        1432     Literals:         128
 
****
 
copy  /home/oracle/Westpac/prod/cobol/MFABEND.so  /home/oracle/Westpac/prod/bin/MFABEND.so
copy  /home/oracle/Westpac/prod/cobol/MFABEND.o  /home/oracle/Westpac/prod/bin/MFABEND.o
copy  /home/oracle/Westpac/prod/cobol/MFABEND.lis  /home/oracle/Westpac/prod/Listing/MFABEND.lis
copy  /home/oracle/Westpac/prod/cobol/MFABEND.trc  /home/oracle/Westpac/prod/Listing/MFABEND.trc
copy  /home/oracle/Westpac/prod/cobol/MFABEND.cs9  /home/oracle/Westpac/prod/cs9/MFABEND.cs9
copy  /home/oracle/Westpac/prod/cobol/MFABEND.sdb  /home/oracle/Westpac/prod/bin/MFABEND.sdb
deleting /home/oracle/Westpac/prod/bin/MFABEND.int
 
****
 
 cob command compilation for  MFABEND.cob  =  0
