Pro*COBOL: Release 19.0.0.0.0 - Production on Thu Jun 1 22:00:05 2023
Version 19.3.0.0.0

Copyright (c) 1982, 2019, Oracle and/or its affiliates.  All rights reserved.

Open file: /home/oracle/Westpac/remote/logono.cbl
     1         IDENTIFICATION DIVISION.
     2         PROGRAM-ID. logono
     3  
     4         DATA DIVISION.
     5         WORKING-STORAGE SECTION.
     6         01 WS-DB-NAME PIC X(30) VALUE 'orcl1'.
     7         01 WS-DB-USER PIC X(30) VALUE 'mfuser'.
     8         01 WS-DB-PASS PIC X(30) VALUE 'Welcome01'.
     9         01 SQLCODE PIC S9(9) USAGE COMP.
    10  
    11         PROCEDURE DIVISION.
    12         MAIN-PROCEDURE.
    13  
    14             EXEC SQL
    15                 CONNECT :WS-DB-USER  IDENTIFIED BY :WS-DB-PASS
    16             END-EXEC
    17             .
    18  
    19             IF SQLCODE NOT EQUAL ZERO
    20                 DISPLAY "DB connection failed with SQLCODE: " SQLCODE
    21             END-IF
    22             DISPLAY "DB connection successful."
    23  
    24             EXEC SQL
Error at line 25, column 16 in file /home/oracle/Westpac/remote/logono.cbl
    25                 DISCONNECT
    25  ...............1
    25  PCB-S-00400, Encountered the symbol "DISCONNECT" when expecting one of the following:
        
           ( CALL DECLARE ARRAYLEN AT CLOSE COMMIT CONNECT DESCRIBE
           EXECUTE FETCH OPEN PREPARE ROLLBACK SELECT WHENEVER ALLOCATE
           ALTER AUDIT COMMENT CONTEXT CREATE DEALLOCATE DELETE DROP
           ENABLE FREE GET GRANT INSERT LOB NOAUDIT RENAME REVOKE SET
           UPDATE VALIDATE FOR SAVEPOINT DB2_INSERT DB2_FETCH ANALYZE
           EXPLAIN TRUNCATE LOCK
        The symbol "CALL" was substituted for "DISCONNECT" to continue.
        
    26             END-EXEC
    27  
    28             IF SQLCODE NOT EQUAL ZERO
    29                 DISPLAY "DB disconnect failed with SQLCODE: " SQLCODE
    30             END-IF
    31             DISPLAY "DB disconnect successful."
    32  
    33             GOBACK
    34             .
Close file: /home/oracle/Westpac/remote/logono.cbl
Pro*COBOL: Release 19.0.0.0.0 - Production on Thu Jun 1 22:00:05 2023
Version 19.3.0.0.0

Copyright (c) 1982, 2019, Oracle and/or its affiliates.  All rights reserved.


Host Variables
--------------

01  WS-DB-PASS                                          Charf(30)
  /home/oracle/Westpac/remote/logono.cbl         8        15

01  WS-DB-USER                                          Charf(30)
  /home/oracle/Westpac/remote/logono.cbl         7        15

Pro*COBOL: Release 19.0.0.0.0 - Production on Thu Jun 1 22:00:05 2023
Version 19.3.0.0.0

Copyright (c) 1982, 2019, Oracle and/or its affiliates.  All rights reserved.


SQL Identifiers
---------------

BIT64                 DEFINE                        Command Line

COMP5                 DEFINE                        Command Line

UNIX                  DEFINE                        Pre-defined

Pro*COBOL: Release 19.0.0.0.0 - Production on Thu Jun 1 22:00:05 2023
Version 19.3.0.0.0

Copyright (c) 1982, 2019, Oracle and/or its affiliates.  All rights reserved.



                              Precompiler Options
-------------------------------------------------------------------------------
Option Name    Current Value        Where set
-------------------------------------------------------------------------------
asacc             no                default                                     
assume_sqlcode    no                default                                     
auto_connect      no                default                                     
charset_picn      nchar_charset     default                                     
charset_picx      db_charset        default                                     
close_on_commit   no                default                                     
common_parser     no                default                                     
comp5             yes               /opt/oracle/product/19c/dbhome_1/precomp/adm
config            default config    default                                     
cwh_sql99         yes               default                                     
date_format       local             default                                     
db2_array         no                default                                     
dbms              native            default                                     
declare_section   no                default                                     
define            COMP5             /opt/oracle/product/19c/dbhome_1/precomp/adm
                  BIT64             /opt/oracle/product/19c/dbhome_1/precomp/adm
                  *none*            /opt/oracle/product/19c/dbhome_1/precomp/adm
dynamic           oracle            default                                     
end_of_fetch      1403              default                                     
errors            yes               default                                     
file_id           0                 default                                     
fips              no                default                                     
format            ansi              default                                     
hold_cursor       no                default                                     
host              cobol             default                                     
implicit_svpt     no                default                                     
iname             /home/oracle/Westpcommand linegono.cbl                        
include           *none*            default                                     
ireclen           80                default                                     
litdelim          quote             default                                     
lname             /home/oracle/Westpcommand linegono.lis                        
lreclen           132               default                                     
ltype             long              default                                     
maxliteral        256               default                                     
maxopencursors    10                default                                     
max_row_insert    0                 default                                     
memforprefetch    0                 default                                     
mode              oracle            default                                     
nested            yes               default                                     
nls_local         no                default                                     
oname             /home/oracle/Westpcommand linegono.cs9                        
oraca             no                default                                     
oreclen           80                default                                     
outline           no                default                                     
outlnprefix       *none*            default                                     
pagelen           66                default                                     
picn_endian       big               default                                     
picx              charf             default                                     
plan_baseline     no                default                                     
plan_enabled      yes               default                                     
plan_fixed        yes               default                                     
plan_prefix       none              default                                     
plan_run          no                default                                     
prefetch          1                 default                                     
release_cursor    no                default                                     
runoutline        no                default                                     
select_error      yes               default                                     
sqlcheck          syntax            default                                     
stmt_cache        0                 default                                     
threads           no                default                                     
trim_password     no                default                                     
type_code         oracle            default                                     
unsafe_null       no                default                                     
userid            *none*            default                                     
varchar           no                default                                     
xref              yes               default                                     
Pro*COBOL: Release 19.0.0.0.0 - Production on Thu Jun 1 22:00:05 2023
Version 19.3.0.0.0

Copyright (c) 1982, 2019, Oracle and/or its affiliates.  All rights reserved.


Statistics
----------

Return code: 1
Number of messages at severity I: 1
Number of messages at severity W: 0
Number of messages at severity E: 1
Number of messages at severity F: 0
Number of input lines: 34
Number of host variables declared: 4
Number of cursor names: 0
Number of statement names: 0
Maximum memory (bytes) used: 988963
