Pro*COBOL: Release 19.0.0.0.0 - Production on Tue Jun 27 07:48:43 2023
Version 19.3.0.0.0

Copyright (c) 1982, 2019, Oracle and/or its affiliates.  All rights reserved.

Open file: /home/oracle/Westpac/prod/cobol/MFABEND.cob
     1         IDENTIFICATION DIVISION.
     2         PROGRAM-ID. MFABEND.
     3  
     4         ENVIRONMENT DIVISION.
     5         CONFIGURATION SECTION.
     6  
     7         DATA DIVISION.
     8         WORKING-STORAGE SECTION.
     9         01  C                             pic 9.
    10         01  flags                         pic x(4) comp-5 value 0. 
    11         01  status-code                   pic x(4) comp-5 value 0. 
    12         01  process                       pic x(4) comp-5 value 0. 
    13         01  ws-process                    pic x(4) comp-5 value 0. 
    14         01  filename                      pic x(256). 
    15         01  stackdump-name                pic x(256). 
    16         01  ABDCODE                       PIC S9(9) BINARY.       
    17         01  RESCODE                       PIC S9(9) BINARY.            
    18         01  TIMING                        PIC S9(9) BINARY.   
    19         01  WS-LOGNAME                    pic x(256).
    20         01  ws-return-code                pic x(4) comp-5 value 0. 
    21  
    22         PROCEDURE DIVISION.          
    23   
    24              display 'LOGDIR'
    25                   upon environment-name
    26              accept WS-LOGNAME
    27                   from environment-value
    28  
    29              move space to filename
    30              string  ws-logname  delimited by space
    31                      "/" delimited by size 
    32                      "MFABEND_Core.%d.%f.%p.%t"  delimited by size 
    33                       x"00"delimited by size 
    34                into filename
    35              end-string.
    36  
    37              move space to stackdump-name
    38              string  ws-logname  delimited by space
    39                      "/" delimited by size 
    40                      "MFABEND_Stack.%d.%f.%p.%t"  delimited by size      
    41                       x"00"delimited by size 
    42                into stackdump-name
    43              end-string.
    44  
    45  
    46             call "CBL_CREATE_CORE" using by value flags 
    47                                         by value process    
    48                                         by reference filename
    49                               returning status-code
    50  
    51  
    52              call "CBL_CREATE_STACKDUMP" using by value flags
    53                                                by value process
    54                                              by reference stackdump-name
    55                                   returning status-code
    56  
    57                  MOVE 0001 TO ABDCODE.
    58                  MOVE 0 TO TIMING.
    59                  CALL "CEE3ABD" USING ABDCODE , TIMING.
    60                  MOVE 99 TO RETURN-CODE
Pro*COBOL: Release 19.0.0.0.0 - Production on Tue Jun 27 07:48:43 2023
Version 19.3.0.0.0

Copyright (c) 1982, 2019, Oracle and/or its affiliates.  All rights reserved.

    61             stop run.
Close file: /home/oracle/Westpac/prod/cobol/MFABEND.cob
Pro*COBOL: Release 19.0.0.0.0 - Production on Tue Jun 27 07:48:43 2023
Version 19.3.0.0.0

Copyright (c) 1982, 2019, Oracle and/or its affiliates.  All rights reserved.


SQL Identifiers
---------------

BIT64                 DEFINE                        Command Line

COMP5                 DEFINE                        Command Line

UNIX                  DEFINE                        Pre-defined

Pro*COBOL: Release 19.0.0.0.0 - Production on Tue Jun 27 07:48:43 2023
Version 19.3.0.0.0

Copyright (c) 1982, 2019, Oracle and/or its affiliates.  All rights reserved.



                              Precompiler Options
-------------------------------------------------------------------------------
Option Name    Current Value        Where set
-------------------------------------------------------------------------------
asacc             no                default                                     
assume_sqlcode    no                default                                     
auto_connect      no                default                                     
charset_picn      nchar_charset     default                                     
charset_picx      db_charset        default                                     
close_on_commit   no                default                                     
common_parser     no                default                                     
comp5             yes               /opt/oracle/product/19c/dbhome_1/precomp/adm
config            default config    default                                     
cwh_sql99         yes               default                                     
date_format       local             default                                     
db2_array         no                default                                     
dbms              native            default                                     
declare_section   no                default                                     
define            COMP5             /opt/oracle/product/19c/dbhome_1/precomp/adm
                  BIT64             /opt/oracle/product/19c/dbhome_1/precomp/adm
                  *none*            /opt/oracle/product/19c/dbhome_1/precomp/adm
dynamic           oracle            default                                     
end_of_fetch      1403              default                                     
errors            yes               default                                     
file_id           0                 default                                     
fips              no                default                                     
format            ansi              default                                     
hold_cursor       no                default                                     
host              cobol             default                                     
implicit_svpt     no                default                                     
iname             /home/oracle/Westpcommand linel/MFABEND.cob                   
include           *none*            default                                     
ireclen           80                default                                     
litdelim          quote             default                                     
lname             /home/oracle/Westpcommand linel/MFABEND.lis                   
lreclen           132               default                                     
ltype             long              default                                     
maxliteral        256               default                                     
maxopencursors    10                default                                     
max_row_insert    0                 default                                     
memforprefetch    0                 default                                     
mode              oracle            default                                     
nested            yes               default                                     
nls_local         no                default                                     
oname             /home/oracle/Westpcommand linel/MFABEND.cs9                   
oraca             no                default                                     
oreclen           80                default                                     
outline           no                default                                     
outlnprefix       *none*            default                                     
pagelen           66                default                                     
picn_endian       big               default                                     
picx              charf             default                                     
plan_baseline     no                default                                     
plan_enabled      yes               default                                     
plan_fixed        yes               default                                     
plan_prefix       none              default                                     
plan_run          no                default                                     
prefetch          1                 default                                     
release_cursor    no                default                                     
runoutline        no                default                                     
select_error      yes               default                                     
sqlcheck          syntax            default                                     
stmt_cache        0                 default                                     
threads           no                default                                     
trim_password     no                default                                     
type_code         oracle            default                                     
unsafe_null       no                default                                     
userid            *none*            default                                     
varchar           no                default                                     
xref              yes               default                                     
Pro*COBOL: Release 19.0.0.0.0 - Production on Tue Jun 27 07:48:43 2023
Version 19.3.0.0.0

Copyright (c) 1982, 2019, Oracle and/or its affiliates.  All rights reserved.


Statistics
----------

Return code: 0
Number of messages at severity I: 0
Number of messages at severity W: 0
Number of messages at severity E: 0
Number of messages at severity F: 0
Number of input lines: 61
Number of host variables declared: 12
Number of cursor names: 0
Number of statement names: 0
Maximum memory (bytes) used: 998265
